Vivado Simulator 2018.3
Copyright 1986-1999, 2001-2018 Xilinx, Inc. All Rights Reserved.
Running: E:/vivado_tools/Vivado/2018.3/bin/unwrapped/win64.o/xelab.exe -wto fb957f4b9d984106ab2324ab511a8ee7 --incr --debug typical --relax --mt 2 -L blk_mem_gen_v8_4_2 -L xil_defaultlib -L xbip_utils_v3_0_9 -L c_reg_fd_v12_0_5 -L c_mux_bit_v12_0_5 -L c_shift_ram_v12_0_12 -L unisims_ver -L unimacro_ver -L secureip -L xpm --snapshot cnn_struct_behav xil_defaultlib.cnn_struct xil_defaultlib.glbl -log elaborate.log 
Using 2 slave threads.
Starting static elaboration
WARNING: [VRFC 10-3091] actual bit length 6 differs from formal bit length 4 for port 'feature_map_counter' [C:/Users/Epoch/Desktop/FPGA_CNN_IP/FPGA_CNN_IP/FPGA_CNN_IP.srcs/sources_1/imports/src/cnn_struct.v:821]
WARNING: [VRFC 10-3091] actual bit length 13 differs from formal bit length 12 for port 'addra' [C:/Users/Epoch/Desktop/FPGA_CNN_IP/FPGA_CNN_IP/FPGA_CNN_IP.srcs/sources_1/imports/src/cnn_struct.v:1117]
Completed static elaboration
Starting simulation data flow analysis
Completed simulation data flow analysis
Time Resolution for simulation is 1ps
Compiling package std.standard
Compiling package std.textio
Compiling package ieee.std_logic_1164
Compiling package ieee.numeric_std
Compiling package xbip_utils_v3_0_9.xbip_utils_v3_0_9_pkg
Compiling package c_shift_ram_v12_0_12.c_shift_ram_v12_0_12_viv_comp
Compiling package c_shift_ram_v12_0_12.c_shift_ram_v12_0_12_pkg
Compiling package c_mux_bit_v12_0_5.c_mux_bit_v12_0_5_viv_comp
Compiling package c_reg_fd_v12_0_5.c_reg_fd_v12_0_5_viv_comp
Compiling module blk_mem_gen_v8_4_2.blk_mem_gen_v8_4_2_output_stage(...
Compiling module blk_mem_gen_v8_4_2.blk_mem_gen_v8_4_2_output_stage(...
Compiling module blk_mem_gen_v8_4_2.blk_mem_gen_v8_4_2_softecc_outpu...
Compiling module blk_mem_gen_v8_4_2.blk_mem_gen_v8_4_2_mem_module(C_...
Compiling module blk_mem_gen_v8_4_2.blk_mem_gen_v8_4_2(C_FAMILY="zyn...
Compiling module xil_defaultlib.conv1_weight1
Compiling module blk_mem_gen_v8_4_2.blk_mem_gen_v8_4_2_mem_module(C_...
Compiling module blk_mem_gen_v8_4_2.blk_mem_gen_v8_4_2(C_FAMILY="zyn...
Compiling module xil_defaultlib.conv1_weight2
Compiling module blk_mem_gen_v8_4_2.blk_mem_gen_v8_4_2_mem_module(C_...
Compiling module blk_mem_gen_v8_4_2.blk_mem_gen_v8_4_2(C_FAMILY="zyn...
Compiling module xil_defaultlib.conv1_weight3
Compiling module blk_mem_gen_v8_4_2.blk_mem_gen_v8_4_2_mem_module(C_...
Compiling module blk_mem_gen_v8_4_2.blk_mem_gen_v8_4_2(C_FAMILY="zyn...
Compiling module xil_defaultlib.conv1_weight4
Compiling module blk_mem_gen_v8_4_2.blk_mem_gen_v8_4_2_mem_module(C_...
Compiling module blk_mem_gen_v8_4_2.blk_mem_gen_v8_4_2(C_FAMILY="zyn...
Compiling module xil_defaultlib.conv1_weight5
Compiling module blk_mem_gen_v8_4_2.blk_mem_gen_v8_4_2_mem_module(C_...
Compiling module blk_mem_gen_v8_4_2.blk_mem_gen_v8_4_2(C_FAMILY="zyn...
Compiling module xil_defaultlib.conv1_weight6
Compiling module blk_mem_gen_v8_4_2.blk_mem_gen_v8_4_2_output_stage(...
Compiling module blk_mem_gen_v8_4_2.blk_mem_gen_v8_4_2_output_stage(...
Compiling module blk_mem_gen_v8_4_2.blk_mem_gen_v8_4_2_softecc_outpu...
Compiling module blk_mem_gen_v8_4_2.blk_mem_gen_v8_4_2_mem_module(C_...
Compiling module blk_mem_gen_v8_4_2.blk_mem_gen_v8_4_2(C_FAMILY="zyn...
Compiling module xil_defaultlib.conv1_bias1
Compiling module blk_mem_gen_v8_4_2.blk_mem_gen_v8_4_2_mem_module(C_...
Compiling module blk_mem_gen_v8_4_2.blk_mem_gen_v8_4_2(C_FAMILY="zyn...
Compiling module xil_defaultlib.conv1_bias2
Compiling module blk_mem_gen_v8_4_2.blk_mem_gen_v8_4_2_mem_module(C_...
Compiling module blk_mem_gen_v8_4_2.blk_mem_gen_v8_4_2(C_FAMILY="zyn...
Compiling module xil_defaultlib.conv1_bias3
Compiling module blk_mem_gen_v8_4_2.blk_mem_gen_v8_4_2_mem_module(C_...
Compiling module blk_mem_gen_v8_4_2.blk_mem_gen_v8_4_2(C_FAMILY="zyn...
Compiling module xil_defaultlib.conv1_bias4
Compiling module blk_mem_gen_v8_4_2.blk_mem_gen_v8_4_2_mem_module(C_...
Compiling module blk_mem_gen_v8_4_2.blk_mem_gen_v8_4_2(C_FAMILY="zyn...
Compiling module xil_defaultlib.conv1_bias5
Compiling module blk_mem_gen_v8_4_2.blk_mem_gen_v8_4_2_mem_module(C_...
Compiling module blk_mem_gen_v8_4_2.blk_mem_gen_v8_4_2(C_FAMILY="zyn...
Compiling module xil_defaultlib.conv1_bias6
Compiling module blk_mem_gen_v8_4_2.blk_mem_gen_v8_4_2_output_stage(...
Compiling module blk_mem_gen_v8_4_2.blk_mem_gen_v8_4_2_output_stage(...
Compiling module blk_mem_gen_v8_4_2.blk_mem_gen_v8_4_2_softecc_outpu...
Compiling module blk_mem_gen_v8_4_2.blk_mem_gen_v8_4_2_mem_module(C_...
Compiling module blk_mem_gen_v8_4_2.blk_mem_gen_v8_4_2(C_FAMILY="zyn...
Compiling module xil_defaultlib.conv2_weight1
Compiling module blk_mem_gen_v8_4_2.blk_mem_gen_v8_4_2_mem_module(C_...
Compiling module blk_mem_gen_v8_4_2.blk_mem_gen_v8_4_2(C_FAMILY="zyn...
Compiling module xil_defaultlib.conv2_weight2
Compiling module blk_mem_gen_v8_4_2.blk_mem_gen_v8_4_2_mem_module(C_...
Compiling module blk_mem_gen_v8_4_2.blk_mem_gen_v8_4_2(C_FAMILY="zyn...
Compiling module xil_defaultlib.conv2_weight3
Compiling module blk_mem_gen_v8_4_2.blk_mem_gen_v8_4_2_mem_module(C_...
Compiling module blk_mem_gen_v8_4_2.blk_mem_gen_v8_4_2(C_FAMILY="zyn...
Compiling module xil_defaultlib.conv2_weight4
Compiling module blk_mem_gen_v8_4_2.blk_mem_gen_v8_4_2_mem_module(C_...
Compiling module blk_mem_gen_v8_4_2.blk_mem_gen_v8_4_2(C_FAMILY="zyn...
Compiling module xil_defaultlib.conv2_weight5
Compiling module blk_mem_gen_v8_4_2.blk_mem_gen_v8_4_2_mem_module(C_...
Compiling module blk_mem_gen_v8_4_2.blk_mem_gen_v8_4_2(C_FAMILY="zyn...
Compiling module xil_defaultlib.conv2_weight6
Compiling architecture struct of entity c_shift_ram_v12_0_12.c_shift_ram_v12_0_12_legacy [\c_shift_ram_v12_0_12_legacy(c_x...]
Compiling architecture synth of entity c_shift_ram_v12_0_12.c_shift_ram_v12_0_12_viv [\c_shift_ram_v12_0_12_viv(c_xdev...]
Compiling architecture xilinx of entity c_shift_ram_v12_0_12.c_shift_ram_v12_0_12 [\c_shift_ram_v12_0_12(c_xdevicef...]
Compiling architecture shift_ram_28_arch of entity xil_defaultlib.shift_ram_28 [shift_ram_28_default]
Compiling architecture struct of entity c_shift_ram_v12_0_12.c_shift_ram_v12_0_12_legacy [\c_shift_ram_v12_0_12_legacy(c_x...]
Compiling architecture synth of entity c_shift_ram_v12_0_12.c_shift_ram_v12_0_12_viv [\c_shift_ram_v12_0_12_viv(c_xdev...]
Compiling architecture xilinx of entity c_shift_ram_v12_0_12.c_shift_ram_v12_0_12 [\c_shift_ram_v12_0_12(c_xdevicef...]
Compiling architecture shift_ram_12_arch of entity xil_defaultlib.shift_ram_12 [shift_ram_12_default]
Compiling module xil_defaultlib.multiply
Compiling module xil_defaultlib.Conv2d
Compiling module xil_defaultlib.maxpooling
Compiling module xil_defaultlib.maxpooling2
Compiling module blk_mem_gen_v8_4_2.blk_mem_gen_v8_4_2_output_stage(...
Compiling module blk_mem_gen_v8_4_2.blk_mem_gen_v8_4_2_output_stage(...
Compiling module blk_mem_gen_v8_4_2.blk_mem_gen_v8_4_2_softecc_outpu...
Compiling module blk_mem_gen_v8_4_2.blk_mem_gen_v8_4_2_mem_module(C_...
Compiling module blk_mem_gen_v8_4_2.blk_mem_gen_v8_4_2(C_FAMILY="zyn...
Compiling module xil_defaultlib.weight_fc
Compiling module xil_defaultlib.multiplier
Compiling module xil_defaultlib.result
Compiling module xil_defaultlib.cnn_struct
Compiling module xil_defaultlib.glbl
Built simulation snapshot cnn_struct_behav
